<?xml version="1.0" encoding="UTF-8"?>
<!-- Generated by org.testng.reporters.JUnitXMLReporter -->
<testsuite ignored="0" hostname="DIMENSION" failures="0" tests="6" name="Test" time="0.051" errors="0" timestamp="2022-03-30T10:42:45 IST">
  <testcase classname="qa.first.RESTAPITest" name="deleteTwitter" time="0.006"/>
  <testcase classname="qa.first.RESTAPITest" name="postJira" time="0.001"/>
  <testcase classname="qa.first.SeleniumTest" name="BrowserAUtomation" time="0.001"/>
  <testcase classname="qa.first.SeleniumTest" name="elementsUi" time="0.001"/>
  <testcase classname="qa.first.AppiumTest" name="IOSApps" time="0.001"/>
  <testcase classname="qa.first.AppiumTest" name="NativeAPpAndroid" time="0.001"/>
</testsuite> <!-- Test -->
