<?xml version="1.0" encoding="UTF-8"?>
<!-- Generated by org.testng.reporters.JUnitXMLReporter -->
<testsuite ignored="0" hostname="DIMENSION" failures="0" tests="6" name="Test" time="0.026" errors="0" timestamp="31 Mar 2022 02:51:42 GMT">
  <testcase classname="qaclickacademy.SeleniumTest" name="BrowserAUtomation" time="0.015"/>
  <testcase classname="qaclickacademy.SeleniumTest" name="elementsUi" time="0.001"/>
  <testcase classname="qaclickacademy.RESTAPITest" name="deleteTwitter" time="0.001"/>
  <testcase classname="qaclickacademy.RESTAPITest" name="postJira" time="0.0"/>
  <testcase classname="qaclickacademy.AppiumTest" name="IOSApps" time="0.0"/>
  <testcase classname="qaclickacademy.AppiumTest" name="NativeAPpAndroid" time="0.0"/>
</testsuite> <!-- Test -->
